<?xml version="1.0" encoding="UTF-8"?>
<!-- Generated by org.testng.reporters.JUnitXMLReporter -->
<testsuite ignored="2" hostname="NTZ-CPU-227" failures="0" tests="7" name="Test" time="0.133" errors="0" timestamp="2023-08-25T17:45:08 IST">
  <testcase classname="cAdmin.Baseclass" name="@BeforeSuite setup" time="35.135">
    <failure type="org.openqa.selenium.SessionNotCreatedException" message="Could not start a new session. Response code 500. Message: session not created: This version of ChromeDriver only supports Chrome version 114
Current browser version is 116.0.5845.111 with binary path C:\Program Files\Google\Chrome\Application\chrome.exe 
Host info: host: &amp;apos;NTZ-CPU-227&amp;apos;, ip: &amp;apos;192.168.18.44&amp;apos;
Build info: version: &amp;apos;4.10.0&amp;apos;, revision: &amp;apos;c14d967899&amp;apos;
System info: os.name: &amp;apos;Windows 10&amp;apos;, os.arch: &amp;apos;amd64&amp;apos;, os.version: &amp;apos;10.0&amp;apos;, java.version: &amp;apos;17.0.5&amp;apos;
Driver info: org.openqa.selenium.chrome.ChromeDriver
Command: [null, newSession {capabilities=[Capabilities {browserName: chrome, goog:chromeOptions: {args: [--remote-allow-origins=*], extensions: []}}]}]">
      <![CDATA[org.openqa.selenium.SessionNotCreatedException: Could not start a new session. Response code 500. Message: session not created: This version of ChromeDriver only supports Chrome version 114
Current browser version is 116.0.5845.111 with binary path C:\Program Files\Google\Chrome\Application\chrome.exe 
Host info: host: 'NTZ-CPU-227', ip: '192.168.18.44'
Build info: version: '4.10.0', revision: 'c14d967899'
System info: os.name: 'Windows 10', os.arch: 'amd64', os.version: '10.0', java.version: '17.0.5'
Driver info: org.openqa.selenium.chrome.ChromeDriver
Command: [null, newSession {capabilities=[Capabilities {browserName: chrome, goog:chromeOptions: {args: [--remote-allow-origins=*], extensions: []}}]}]
at org.openqa.selenium.remote.ProtocolHandshake.createSession(ProtocolHandshake.java:140)
at org.openqa.selenium.remote.ProtocolHandshake.createSession(ProtocolHandshake.java:96)
at org.openqa.selenium.remote.ProtocolHandshake.createSession(ProtocolHandshake.java:68)
at org.openqa.selenium.remote.HttpCommandExecutor.execute(HttpCommandExecutor.java:163)
at org.openqa.selenium.remote.service.DriverCommandExecutor.invokeExecute(DriverCommandExecutor.java:196)
at org.openqa.selenium.remote.service.DriverCommandExecutor.execute(DriverCommandExecutor.java:171)
at org.openqa.selenium.remote.RemoteWebDriver.execute(RemoteWebDriver.java:531)
at org.openqa.selenium.remote.RemoteWebDriver.startSession(RemoteWebDriver.java:227)
at org.openqa.selenium.remote.RemoteWebDriver.<init>(RemoteWebDriver.java:154)
at org.openqa.selenium.chromium.ChromiumDriver.<init>(ChromiumDriver.java:107)
at org.openqa.selenium.chrome.ChromeDriver.<init>(ChromeDriver.java:87)
at org.openqa.selenium.chrome.ChromeDriver.<init>(ChromeDriver.java:82)
at org.openqa.selenium.chrome.ChromeDriver.<init>(ChromeDriver.java:71)
at cAdmin.Baseclass.setup(Baseclass.java:24)
... Removed 19 stack frames]]>
    </failure>
  </testcase> <!-- @BeforeSuite setup -->
  <testcase classname="cAdmin.Baseclass" name="@BeforeMethod beforeM" time="-1.692965707965E9">
    <skipped/>
  </testcase> <!-- @BeforeMethod beforeM -->
  <testcase classname="cAdmin.Baseclass" name="@BeforeMethod beforeM" time="-1.692965707965E9">
    <skipped/>
  </testcase> <!-- @BeforeMethod beforeM -->
  <testcase classname="cAdmin.Baseclass" name="@AfterMethod afterm" time="-1.692965707973E9">
    <skipped/>
  </testcase> <!-- @AfterMethod afterm -->
  <testcase classname="cAdmin.Baseclass" name="@AfterMethod afterm" time="-1.692965707974E9">
    <skipped/>
  </testcase> <!-- @AfterMethod afterm -->
  <testcase classname="cAdmin.Baseclass" name="@BeforeMethod beforeM" time="-1.692965707975E9">
    <skipped/>
  </testcase> <!-- @BeforeMethod beforeM -->
  <testcase classname="cAdmin.Baseclass" name="@BeforeMethod beforeM" time="-1.692965707976E9">
    <skipped/>
  </testcase> <!-- @BeforeMethod beforeM -->
  <testcase classname="cAdmin.Baseclass" name="@AfterMethod afterm" time="-1.692965707981E9">
    <skipped/>
  </testcase> <!-- @AfterMethod afterm -->
  <testcase classname="cAdmin.Baseclass" name="@AfterMethod afterm" time="-1.692965707991E9">
    <skipped/>
  </testcase> <!-- @AfterMethod afterm -->
  <testcase classname="cAdmin.Baseclass" name="@BeforeMethod beforeM" time="-1.692965707993E9">
    <skipped/>
  </testcase> <!-- @BeforeMethod beforeM -->
  <testcase classname="cAdmin.Baseclass" name="@AfterMethod afterm" time="-1.692965707996E9">
    <skipped/>
  </testcase> <!-- @AfterMethod afterm -->
  <testcase classname="cAdmin.Baseclass" name="@BeforeMethod beforeM" time="-1.692965707998E9">
    <skipped/>
  </testcase> <!-- @BeforeMethod beforeM -->
  <testcase classname="cAdmin.Baseclass" name="@AfterMethod afterm" time="-1.692965708006E9">
    <skipped/>
  </testcase> <!-- @AfterMethod afterm -->
  <testcase classname="cAdmin.Baseclass" name="@BeforeMethod beforeM" time="-1.692965708007E9">
    <skipped/>
  </testcase> <!-- @BeforeMethod beforeM -->
  <testcase classname="cAdmin.Baseclass" name="@AfterMethod afterm" time="-1.69296570801E9">
    <skipped/>
  </testcase> <!-- @AfterMethod afterm -->
  <testcase classname="cAdmin.Baseclass" name="login" time="0.0">
    <skipped/>
  </testcase> <!-- login -->
  <testcase classname="cAdmin.Baseclass" name="login" time="0.0">
    <skipped/>
  </testcase> <!-- login -->
  <testcase classname="cAdmin.Classroom" name="classroom" time="0.0">
    <skipped/>
  </testcase> <!-- classroom -->
  <testcase classname="cAdmin.schedule" name="schedul" time="0.0">
    <skipped/>
  </testcase> <!-- schedul -->
  <testcase classname="cAdmin.schedule" name="managetimeslot" time="0.0">
    <skipped/>
  </testcase> <!-- managetimeslot -->
  <testcase classname="cAdmin.schedule" name="corporategrp" time="0.0">
    <skipped/>
  </testcase> <!-- corporategrp -->
  <testcase classname="cAdmin.schedule" name="appt" time="0.0">
    <skipped/>
  </testcase> <!-- appt -->
  <testcase classname="cAdmin.Baseclass" name="@BeforeSuite setup" time="0.0">
    <ignored/>
  </testcase> <!-- @BeforeSuite setup -->
  <testcase classname="cAdmin.Baseclass" name="@AfterSuite teardown" time="0.0">
    <ignored/>
  </testcase> <!-- @AfterSuite teardown -->
</testsuite> <!-- Test -->
