<?xml version="1.0" encoding="UTF-8"?>
<!-- Generated by org.testng.reporters.JUnitXMLReporter -->
<testsuite ignored="2" hostname="NTZ-CPU-227" failures="2" tests="4" name="Test" time="24.283" errors="0" timestamp="2023-04-01T12:49:56 IST">
  <testcase classname="TestCase.Testcase1" name="login" time="14.607"/>
  <testcase classname="TestCase.Testcase1" name="navigation" time="9.57"/>
  <testcase classname="TestCase.Testcase2" name="login" time="0.001">
    <failure type="java.lang.NullPointerException" message="Cannot invoke &amp;quot;org.openqa.selenium.WebDriver.findElement(org.openqa.selenium.By)&amp;quot; because &amp;quot;this.driver&amp;quot; is null">
      <![CDATA[java.lang.NullPointerException: Cannot invoke "org.openqa.selenium.WebDriver.findElement(org.openqa.selenium.By)" because "this.driver" is null
at TestCase.Testcase1.login(Testcase1.java:42)
at TestCase.Testcase2.login(Testcase2.java:15)
at java.base/java.util.ArrayList.forEach(ArrayList.java:1511)
... Removed 27 stack frames]]>
    </failure>
  </testcase> <!-- login -->
  <testcase classname="TestCase.Testcase2" name="navigation" time="0.005">
    <failure type="java.lang.NullPointerException" message="Cannot invoke &amp;quot;org.openqa.selenium.WebDriver.findElement(org.openqa.selenium.By)&amp;quot; because &amp;quot;this.driver&amp;quot; is null">
      <![CDATA[java.lang.NullPointerException: Cannot invoke "org.openqa.selenium.WebDriver.findElement(org.openqa.selenium.By)" because "this.driver" is null
at TestCase.Testcase1.navigation(Testcase1.java:49)
at TestCase.Testcase2.navigation(Testcase2.java:21)
at java.base/java.util.ArrayList.forEach(ArrayList.java:1511)
... Removed 27 stack frames]]>
    </failure>
  </testcase> <!-- navigation -->
  <testcase classname="TestCase.Testcase1" name="@AfterSuite end" time="0.0">
    <ignored/>
  </testcase> <!-- @AfterSuite end -->
  <testcase classname="TestCase.Testcase1" name="@BeforeSuite Setup" time="0.0">
    <ignored/>
  </testcase> <!-- @BeforeSuite Setup -->
</testsuite> <!-- Test -->
