<?xml version="1.0" encoding="UTF-8"?>
<!-- Generated by org.testng.reporters.JUnitXMLReporter -->
<testsuite ignored="0" hostname="NTZ-CPU-227" failures="2" tests="2" name="Parallel Test" time="0.835" errors="0" timestamp="2023-08-25T13:34:18 IST">
  <testcase classname="ParallelTest.ParallelTest" name="Test2" time="0.512">
    <failure type="java.lang.NullPointerException" message="Cannot invoke &amp;quot;org.openqa.selenium.TakesScreenshot.getScreenshotAs(org.openqa.selenium.OutputType)&amp;quot; because &amp;quot;ts&amp;quot; is null">
      <![CDATA[java.lang.NullPointerException: Cannot invoke "org.openqa.selenium.TakesScreenshot.getScreenshotAs(org.openqa.selenium.OutputType)" because "ts" is null
at com.cadmin.testcases.Baseclass.Capturescreenshot(Baseclass.java:76)
at com.cadmin.testcases.TC_StaffDailylist.dailylist(TC_StaffDailylist.java:22)
at ParallelTest.ParallelTest.Test2(ParallelTest.java:21)
at java.base/java.util.concurrent.ThreadPoolExecutor.runWorker(ThreadPoolExecutor.java:1136)
at java.base/java.util.concurrent.ThreadPoolExecutor$Worker.run(ThreadPoolExecutor.java:635)
at java.base/java.lang.Thread.run(Thread.java:833)
... Removed 12 stack frames]]>
    </failure>
  </testcase> <!-- Test2 -->
  <testcase classname="ParallelTest.ParallelTest" name="Test1" time="0.767">
    <failure type="java.lang.NullPointerException" message="Cannot invoke &amp;quot;org.openqa.selenium.TakesScreenshot.getScreenshotAs(org.openqa.selenium.OutputType)&amp;quot; because &amp;quot;ts&amp;quot; is null">
      <![CDATA[java.lang.NullPointerException: Cannot invoke "org.openqa.selenium.TakesScreenshot.getScreenshotAs(org.openqa.selenium.OutputType)" because "ts" is null
at com.cadmin.testcases.Baseclass.Capturescreenshot(Baseclass.java:76)
at com.cadmin.testcases.TC_Classroom.classroom(TC_Classroom.java:25)
at ParallelTest.ParallelTest.Test1(ParallelTest.java:15)
at java.base/java.util.concurrent.ThreadPoolExecutor.runWorker(ThreadPoolExecutor.java:1136)
at java.base/java.util.concurrent.ThreadPoolExecutor$Worker.run(ThreadPoolExecutor.java:635)
at java.base/java.lang.Thread.run(Thread.java:833)
... Removed 12 stack frames]]>
    </failure>
  </testcase> <!-- Test1 -->
</testsuite> <!-- Parallel Test -->
